Analysis & Synthesis report for Somador
Tue Nov 30 21:13:15 2021
Quartus Prime Version 20.1.1 Build 720 11/11/2020 SJ Lite Edition


---------------------
; Table of Contents ;
---------------------
  1. Legal Notice
  2. Analysis & Synthesis Summary
  3. Analysis & Synthesis Settings
  4. Parallel Compilation
  5. Analysis & Synthesis Source Files Read
  6. Analysis & Synthesis Resource Usage Summary
  7. Analysis & Synthesis Resource Utilization by Entity
  8. Analysis & Synthesis IP Cores Summary
  9. State Machine - |SomadorDiagrama|TOP:inst|FSM:fsm|EstadoAtual
 10. State Machine - |SomadorDiagrama|TOP:inst|FSM:fsm|ProxEstado
 11. Registers Removed During Synthesis
 12. Removed Registers Triggering Further Register Optimizations
 13. General Register Statistics
 14. Source assignments for Mem:inst2|altsyncram:altsyncram_component|altsyncram_8sp3:auto_generated
 15. Parameter Settings for User Entity Instance: TOP:inst|FSM:fsm
 16. Parameter Settings for User Entity Instance: Mem:inst2|altsyncram:altsyncram_component
 17. altsyncram Parameter Settings by Entity Instance
 18. Post-Synthesis Netlist Statistics for Top Partition
 19. Elapsed Time Per Partition
 20. Analysis & Synthesis Messages



----------------
; Legal Notice ;
----------------
Copyright (C) 2020  Intel Corporation. All rights reserved.
Your use of Intel Corporation's design tools, logic functions 
and other software and tools, and any partner logic 
functions, and any output files from any of the foregoing 
(including device programming or simulation files), and any 
associated documentation or information are expressly subject 
to the terms and conditions of the Intel Program License 
Subscription Agreement, the Intel Quartus Prime License Agreement,
the Intel FPGA IP License Agreement, or other applicable license
agreement, including, without limitation, that your use is for
the sole purpose of programming logic devices manufactured by
Intel and sold by Intel or its authorized distributors.  Please
refer to the applicable agreement for further details, at
https://fpgasoftware.intel.com/eula.



+----------------------------------------------------------------------------------+
; Analysis & Synthesis Summary                                                     ;
+------------------------------------+---------------------------------------------+
; Analysis & Synthesis Status        ; Successful - Tue Nov 30 21:13:15 2021       ;
; Quartus Prime Version              ; 20.1.1 Build 720 11/11/2020 SJ Lite Edition ;
; Revision Name                      ; Somador                                     ;
; Top-level Entity Name              ; SomadorDiagrama                             ;
; Family                             ; Cyclone IV E                                ;
; Total logic elements               ; 44                                          ;
;     Total combinational functions  ; 19                                          ;
;     Dedicated logic registers      ; 36                                          ;
; Total registers                    ; 36                                          ;
; Total pins                         ; 3                                           ;
; Total virtual pins                 ; 0                                           ;
; Total memory bits                  ; 0                                           ;
; Embedded Multiplier 9-bit elements ; 0                                           ;
; Total PLLs                         ; 0                                           ;
+------------------------------------+---------------------------------------------+


+------------------------------------------------------------------------------------------------------------+
; Analysis & Synthesis Settings                                                                              ;
+------------------------------------------------------------------+--------------------+--------------------+
; Option                                                           ; Setting            ; Default Value      ;
+------------------------------------------------------------------+--------------------+--------------------+
; Device                                                           ; EP4CE115F29C7      ;                    ;
; Top-level entity name                                            ; SomadorDiagrama    ; Somador            ;
; Family name                                                      ; Cyclone IV E       ; Cyclone V          ;
; Use smart compilation                                            ; Off                ; Off                ;
; Enable parallel Assembler and Timing Analyzer during compilation ; On                 ; On                 ;
; Enable compact report table                                      ; Off                ; Off                ;
; Restructure Multiplexers                                         ; Auto               ; Auto               ;
; Create Debugging Nodes for IP Cores                              ; Off                ; Off                ;
; Preserve fewer node names                                        ; On                 ; On                 ;
; Intel FPGA IP Evaluation Mode                                    ; Enable             ; Enable             ;
; Verilog Version                                                  ; Verilog_2001       ; Verilog_2001       ;
; VHDL Version                                                     ; VHDL_1993          ; VHDL_1993          ;
; State Machine Processing                                         ; Auto               ; Auto               ;
; Safe State Machine                                               ; Off                ; Off                ;
; Extract Verilog State Machines                                   ; On                 ; On                 ;
; Extract VHDL State Machines                                      ; On                 ; On                 ;
; Ignore Verilog initial constructs                                ; Off                ; Off                ;
; Iteration limit for constant Verilog loops                       ; 5000               ; 5000               ;
; Iteration limit for non-constant Verilog loops                   ; 250                ; 250                ;
; Add Pass-Through Logic to Inferred RAMs                          ; On                 ; On                 ;
; Infer RAMs from Raw Logic                                        ; On                 ; On                 ;
; Parallel Synthesis                                               ; On                 ; On                 ;
; DSP Block Balancing                                              ; Auto               ; Auto               ;
; NOT Gate Push-Back                                               ; On                 ; On                 ;
; Power-Up Don't Care                                              ; On                 ; On                 ;
; Remove Redundant Logic Cells                                     ; Off                ; Off                ;
; Remove Duplicate Registers                                       ; On                 ; On                 ;
; Ignore CARRY Buffers                                             ; Off                ; Off                ;
; Ignore CASCADE Buffers                                           ; Off                ; Off                ;
; Ignore GLOBAL Buffers                                            ; Off                ; Off                ;
; Ignore ROW GLOBAL Buffers                                        ; Off                ; Off                ;
; Ignore LCELL Buffers                                             ; Off                ; Off                ;
; Ignore SOFT Buffers                                              ; On                 ; On                 ;
; Limit AHDL Integers to 32 Bits                                   ; Off                ; Off                ;
; Optimization Technique                                           ; Balanced           ; Balanced           ;
; Carry Chain Length                                               ; 70                 ; 70                 ;
; Auto Carry Chains                                                ; On                 ; On                 ;
; Auto Open-Drain Pins                                             ; On                 ; On                 ;
; Perform WYSIWYG Primitive Resynthesis                            ; Off                ; Off                ;
; Auto ROM Replacement                                             ; On                 ; On                 ;
; Auto RAM Replacement                                             ; On                 ; On                 ;
; Auto DSP Block Replacement                                       ; On                 ; On                 ;
; Auto Shift Register Replacement                                  ; Auto               ; Auto               ;
; Allow Shift Register Merging across Hierarchies                  ; Auto               ; Auto               ;
; Auto Clock Enable Replacement                                    ; On                 ; On                 ;
; Strict RAM Replacement                                           ; Off                ; Off                ;
; Allow Synchronous Control Signals                                ; On                 ; On                 ;
; Force Use of Synchronous Clear Signals                           ; Off                ; Off                ;
; Auto RAM Block Balancing                                         ; On                 ; On                 ;
; Auto RAM to Logic Cell Conversion                                ; Off                ; Off                ;
; Auto Resource Sharing                                            ; Off                ; Off                ;
; Allow Any RAM Size For Recognition                               ; Off                ; Off                ;
; Allow Any ROM Size For Recognition                               ; Off                ; Off                ;
; Allow Any Shift Register Size For Recognition                    ; Off                ; Off                ;
; Use LogicLock Constraints during Resource Balancing              ; On                 ; On                 ;
; Ignore translate_off and synthesis_off directives                ; Off                ; Off                ;
; Timing-Driven Synthesis                                          ; On                 ; On                 ;
; Report Parameter Settings                                        ; On                 ; On                 ;
; Report Source Assignments                                        ; On                 ; On                 ;
; Report Connectivity Checks                                       ; On                 ; On                 ;
; Ignore Maximum Fan-Out Assignments                               ; Off                ; Off                ;
; Synchronization Register Chain Length                            ; 2                  ; 2                  ;
; Power Optimization During Synthesis                              ; Normal compilation ; Normal compilation ;
; HDL message level                                                ; Level2             ; Level2             ;
; Suppress Register Optimization Related Messages                  ; Off                ; Off                ;
; Number of Removed Registers Reported in Synthesis Report         ; 5000               ; 5000               ;
; Number of Swept Nodes Reported in Synthesis Report               ; 5000               ; 5000               ;
; Number of Inverted Registers Reported in Synthesis Report        ; 100                ; 100                ;
; Clock MUX Protection                                             ; On                 ; On                 ;
; Auto Gated Clock Conversion                                      ; Off                ; Off                ;
; Block Design Naming                                              ; Auto               ; Auto               ;
; SDC constraint protection                                        ; Off                ; Off                ;
; Synthesis Effort                                                 ; Auto               ; Auto               ;
; Shift Register Replacement - Allow Asynchronous Clear Signal     ; On                 ; On                 ;
; Pre-Mapping Resynthesis Optimization                             ; Off                ; Off                ;
; Analysis & Synthesis Message Level                               ; Medium             ; Medium             ;
; Disable Register Merging Across Hierarchies                      ; Auto               ; Auto               ;
; Resource Aware Inference For Block RAM                           ; On                 ; On                 ;
+------------------------------------------------------------------+--------------------+--------------------+


+------------------------------------------+
; Parallel Compilation                     ;
+----------------------------+-------------+
; Processors                 ; Number      ;
+----------------------------+-------------+
; Number detected on machine ; 12          ;
; Maximum allowed            ; 12          ;
;                            ;             ;
; Average used               ; 1.00        ;
; Maximum used               ; 12          ;
;                            ;             ;
; Usage by Processor         ; % Time Used ;
;     Processor 1            ; 100.0%      ;
;     Processor 2            ;   0.0%      ;
;     Processors 3-12        ;   0.0%      ;
+----------------------------+-------------+


+----------------------------------------------------------------------------------------------------------------------------------------------------------------------------------+
; Analysis & Synthesis Source Files Read                                                                                                                                           ;
+----------------------------------+-----------------+------------------------------------+------------------------------------------------------------------------------+---------+
; File Name with User-Entered Path ; Used in Netlist ; File Type                          ; File Name with Absolute Path                                                 ; Library ;
+----------------------------------+-----------------+------------------------------------+------------------------------------------------------------------------------+---------+
; Acumulador.v                     ; yes             ; User Verilog HDL File              ; E:/ENGG56/Somador/Acumulador.v                                               ;         ;
; FSM.v                            ; yes             ; User Verilog HDL File              ; E:/ENGG56/Somador/FSM.v                                                      ;         ;
; TOP.v                            ; yes             ; User Verilog HDL File              ; E:/ENGG56/Somador/TOP.v                                                      ;         ;
; SomadorDiagrama.bdf              ; yes             ; User Block Diagram/Schematic File  ; E:/ENGG56/Somador/SomadorDiagrama.bdf                                        ;         ;
; Mem.vhd                          ; yes             ; User Wizard-Generated File         ; E:/ENGG56/Somador/Mem.vhd                                                    ;         ;
; altsyncram.tdf                   ; yes             ; Megafunction                       ; d:/programas/intelfpga/quartus/libraries/megafunctions/altsyncram.tdf        ;         ;
; stratix_ram_block.inc            ; yes             ; Megafunction                       ; d:/programas/intelfpga/quartus/libraries/megafunctions/stratix_ram_block.inc ;         ;
; lpm_mux.inc                      ; yes             ; Megafunction                       ; d:/programas/intelfpga/quartus/libraries/megafunctions/lpm_mux.inc           ;         ;
; lpm_decode.inc                   ; yes             ; Megafunction                       ; d:/programas/intelfpga/quartus/libraries/megafunctions/lpm_decode.inc        ;         ;
; aglobal201.inc                   ; yes             ; Megafunction                       ; d:/programas/intelfpga/quartus/libraries/megafunctions/aglobal201.inc        ;         ;
; a_rdenreg.inc                    ; yes             ; Megafunction                       ; d:/programas/intelfpga/quartus/libraries/megafunctions/a_rdenreg.inc         ;         ;
; altrom.inc                       ; yes             ; Megafunction                       ; d:/programas/intelfpga/quartus/libraries/megafunctions/altrom.inc            ;         ;
; altram.inc                       ; yes             ; Megafunction                       ; d:/programas/intelfpga/quartus/libraries/megafunctions/altram.inc            ;         ;
; altdpram.inc                     ; yes             ; Megafunction                       ; d:/programas/intelfpga/quartus/libraries/megafunctions/altdpram.inc          ;         ;
; db/altsyncram_8sp3.tdf           ; yes             ; Auto-Generated Megafunction        ; E:/ENGG56/Somador/db/altsyncram_8sp3.tdf                                     ;         ;
+----------------------------------+-----------------+------------------------------------+------------------------------------------------------------------------------+---------+


+--------------------------------------------------------------+
; Analysis & Synthesis Resource Usage Summary                  ;
+---------------------------------------------+----------------+
; Resource                                    ; Usage          ;
+---------------------------------------------+----------------+
; Estimated Total logic elements              ; 44             ;
;                                             ;                ;
; Total combinational functions               ; 19             ;
; Logic element usage by number of LUT inputs ;                ;
;     -- 4 input functions                    ; 10             ;
;     -- 3 input functions                    ; 2              ;
;     -- <=2 input functions                  ; 7              ;
;                                             ;                ;
; Logic elements by mode                      ;                ;
;     -- normal mode                          ; 15             ;
;     -- arithmetic mode                      ; 4              ;
;                                             ;                ;
; Total registers                             ; 36             ;
;     -- Dedicated logic registers            ; 36             ;
;     -- I/O registers                        ; 0              ;
;                                             ;                ;
; I/O pins                                    ; 3              ;
;                                             ;                ;
; Embedded Multiplier 9-bit elements          ; 0              ;
;                                             ;                ;
; Maximum fan-out node                        ; CLOCK_50~input ;
; Maximum fan-out                             ; 36             ;
; Total fan-out                               ; 149            ;
; Average fan-out                             ; 2.44           ;
+---------------------------------------------+----------------+


+----------------------------------------------------------------------------------------------------------------------------------------------------------------------------------------------------------------------------+
; Analysis & Synthesis Resource Utilization by Entity                                                                                                                                                                        ;
+----------------------------+---------------------+---------------------------+-------------+--------------+---------+-----------+------+--------------+-----------------------------------+-----------------+--------------+
; Compilation Hierarchy Node ; Combinational ALUTs ; Dedicated Logic Registers ; Memory Bits ; DSP Elements ; DSP 9x9 ; DSP 18x18 ; Pins ; Virtual Pins ; Full Hierarchy Name               ; Entity Name     ; Library Name ;
+----------------------------+---------------------+---------------------------+-------------+--------------+---------+-----------+------+--------------+-----------------------------------+-----------------+--------------+
; |SomadorDiagrama           ; 19 (0)              ; 36 (0)                    ; 0           ; 0            ; 0       ; 0         ; 3    ; 0            ; |SomadorDiagrama                  ; SomadorDiagrama ; work         ;
;    |TOP:inst|              ; 19 (0)              ; 36 (0)                    ; 0           ; 0            ; 0       ; 0         ; 0    ; 0            ; |SomadorDiagrama|TOP:inst         ; TOP             ; work         ;
;       |FSM:fsm|            ; 19 (19)             ; 36 (36)                   ; 0           ; 0            ; 0       ; 0         ; 0    ; 0            ; |SomadorDiagrama|TOP:inst|FSM:fsm ; FSM             ; work         ;
+----------------------------+---------------------+---------------------------+-------------+--------------+---------+-----------+------+--------------+-----------------------------------+-----------------+--------------+
Note: For table entries with two numbers listed, the numbers in parentheses indicate the number of resources of the given type used by the specific entity alone. The numbers listed outside of parentheses indicate the total resources of the given type used by the specific entity and all of its sub-entities in the hierarchy.


+--------------------------------------------------------------------------------------------------------------+
; Analysis & Synthesis IP Cores Summary                                                                        ;
+--------+--------------+---------+--------------+--------------+----------------------------+-----------------+
; Vendor ; IP Core Name ; Version ; Release Date ; License Type ; Entity Instance            ; IP Include File ;
+--------+--------------+---------+--------------+--------------+----------------------------+-----------------+
; Altera ; RAM: 1-PORT  ; 20.1    ; N/A          ; N/A          ; |SomadorDiagrama|Mem:inst2 ; Mem.vhd         ;
+--------+--------------+---------+--------------+--------------+----------------------------+-----------------+


Encoding Type:  One-Hot
+--------------------------------------------------------------------------------------------------------------------------------------------------------------------------------------------------------------------------------------------------------------------------------------------------------------------------------------------------------------------------------------------------------------------------------+
; State Machine - |SomadorDiagrama|TOP:inst|FSM:fsm|EstadoAtual                                                                                                                                                                                                                                                                                                                                                                  ;
+----------------------------+---------------------------+------------------------+--------------------------+-----------------------+----------------------------+------------------------+----------------------------+-------------------------+--------------------------+--------------------------+-----------------------+-----------------------+---------------------------+-----------------------+--------------------+
; Name                       ; EstadoAtual.DesativaReady ; EstadoAtual.AtivaReady ; EstadoAtual.DesativaWren ; EstadoAtual.AtivaWren ; EstadoAtual.ConfereAddress ; EstadoAtual.IncAddress ; EstadoAtual.DesativaTransf ; EstadoAtual.AtivaTransf ; EstadoAtual.DesativaRden ; EstadoAtual.DesativaLoad ; EstadoAtual.AtivaLoad ; EstadoAtual.AtivaRden ; EstadoAtual.TiraResetInit ; EstadoAtual.ResetInit ; EstadoAtual.Inicio ;
+----------------------------+---------------------------+------------------------+--------------------------+-----------------------+----------------------------+------------------------+----------------------------+-------------------------+--------------------------+--------------------------+-----------------------+-----------------------+---------------------------+-----------------------+--------------------+
; EstadoAtual.Inicio         ; 0                         ; 0                      ; 0                        ; 0                     ; 0                          ; 0                      ; 0                          ; 0                       ; 0                        ; 0                        ; 0                     ; 0                     ; 0                         ; 0                     ; 0                  ;
; EstadoAtual.ResetInit      ; 0                         ; 0                      ; 0                        ; 0                     ; 0                          ; 0                      ; 0                          ; 0                       ; 0                        ; 0                        ; 0                     ; 0                     ; 0                         ; 1                     ; 1                  ;
; EstadoAtual.TiraResetInit  ; 0                         ; 0                      ; 0                        ; 0                     ; 0                          ; 0                      ; 0                          ; 0                       ; 0                        ; 0                        ; 0                     ; 0                     ; 1                         ; 0                     ; 1                  ;
; EstadoAtual.AtivaRden      ; 0                         ; 0                      ; 0                        ; 0                     ; 0                          ; 0                      ; 0                          ; 0                       ; 0                        ; 0                        ; 0                     ; 1                     ; 0                         ; 0                     ; 1                  ;
; EstadoAtual.AtivaLoad      ; 0                         ; 0                      ; 0                        ; 0                     ; 0                          ; 0                      ; 0                          ; 0                       ; 0                        ; 0                        ; 1                     ; 0                     ; 0                         ; 0                     ; 1                  ;
; EstadoAtual.DesativaLoad   ; 0                         ; 0                      ; 0                        ; 0                     ; 0                          ; 0                      ; 0                          ; 0                       ; 0                        ; 1                        ; 0                     ; 0                     ; 0                         ; 0                     ; 1                  ;
; EstadoAtual.DesativaRden   ; 0                         ; 0                      ; 0                        ; 0                     ; 0                          ; 0                      ; 0                          ; 0                       ; 1                        ; 0                        ; 0                     ; 0                     ; 0                         ; 0                     ; 1                  ;
; EstadoAtual.AtivaTransf    ; 0                         ; 0                      ; 0                        ; 0                     ; 0                          ; 0                      ; 0                          ; 1                       ; 0                        ; 0                        ; 0                     ; 0                     ; 0                         ; 0                     ; 1                  ;
; EstadoAtual.DesativaTransf ; 0                         ; 0                      ; 0                        ; 0                     ; 0                          ; 0                      ; 1                          ; 0                       ; 0                        ; 0                        ; 0                     ; 0                     ; 0                         ; 0                     ; 1                  ;
; EstadoAtual.IncAddress     ; 0                         ; 0                      ; 0                        ; 0                     ; 0                          ; 1                      ; 0                          ; 0                       ; 0                        ; 0                        ; 0                     ; 0                     ; 0                         ; 0                     ; 1                  ;
; EstadoAtual.ConfereAddress ; 0                         ; 0                      ; 0                        ; 0                     ; 1                          ; 0                      ; 0                          ; 0                       ; 0                        ; 0                        ; 0                     ; 0                     ; 0                         ; 0                     ; 1                  ;
; EstadoAtual.AtivaWren      ; 0                         ; 0                      ; 0                        ; 1                     ; 0                          ; 0                      ; 0                          ; 0                       ; 0                        ; 0                        ; 0                     ; 0                     ; 0                         ; 0                     ; 1                  ;
; EstadoAtual.DesativaWren   ; 0                         ; 0                      ; 1                        ; 0                     ; 0                          ; 0                      ; 0                          ; 0                       ; 0                        ; 0                        ; 0                     ; 0                     ; 0                         ; 0                     ; 1                  ;
; EstadoAtual.AtivaReady     ; 0                         ; 1                      ; 0                        ; 0                     ; 0                          ; 0                      ; 0                          ; 0                       ; 0                        ; 0                        ; 0                     ; 0                     ; 0                         ; 0                     ; 1                  ;
; EstadoAtual.DesativaReady  ; 1                         ; 0                      ; 0                        ; 0                     ; 0                          ; 0                      ; 0                          ; 0                       ; 0                        ; 0                        ; 0                     ; 0                     ; 0                         ; 0                     ; 1                  ;
+----------------------------+---------------------------+------------------------+--------------------------+-----------------------+----------------------------+------------------------+----------------------------+-------------------------+--------------------------+--------------------------+-----------------------+-----------------------+---------------------------+-----------------------+--------------------+


Encoding Type:  One-Hot
+----------------------------------------------------------------------------------------------------------------------------------------------------------------------------------------------------------------------------------------------------------------------------------------------------------------------------------------------------------------------------------------------------------------+
; State Machine - |SomadorDiagrama|TOP:inst|FSM:fsm|ProxEstado                                                                                                                                                                                                                                                                                                                                                   ;
+---------------------------+--------------------------+-----------------------+-------------------------+----------------------+---------------------------+-----------------------+---------------------------+------------------------+-------------------------+-------------------------+----------------------+----------------------+--------------------------+----------------------+-------------------+
; Name                      ; ProxEstado.DesativaReady ; ProxEstado.AtivaReady ; ProxEstado.DesativaWren ; ProxEstado.AtivaWren ; ProxEstado.ConfereAddress ; ProxEstado.IncAddress ; ProxEstado.DesativaTransf ; ProxEstado.AtivaTransf ; ProxEstado.DesativaRden ; ProxEstado.DesativaLoad ; ProxEstado.AtivaLoad ; ProxEstado.AtivaRden ; ProxEstado.TiraResetInit ; ProxEstado.ResetInit ; ProxEstado.Inicio ;
+---------------------------+--------------------------+-----------------------+-------------------------+----------------------+---------------------------+-----------------------+---------------------------+------------------------+-------------------------+-------------------------+----------------------+----------------------+--------------------------+----------------------+-------------------+
; ProxEstado.Inicio         ; 0                        ; 0                     ; 0                       ; 0                    ; 0                         ; 0                     ; 0                         ; 0                      ; 0                       ; 0                       ; 0                    ; 0                    ; 0                        ; 0                    ; 0                 ;
; ProxEstado.ResetInit      ; 0                        ; 0                     ; 0                       ; 0                    ; 0                         ; 0                     ; 0                         ; 0                      ; 0                       ; 0                       ; 0                    ; 0                    ; 0                        ; 1                    ; 1                 ;
; ProxEstado.TiraResetInit  ; 0                        ; 0                     ; 0                       ; 0                    ; 0                         ; 0                     ; 0                         ; 0                      ; 0                       ; 0                       ; 0                    ; 0                    ; 1                        ; 0                    ; 1                 ;
; ProxEstado.AtivaRden      ; 0                        ; 0                     ; 0                       ; 0                    ; 0                         ; 0                     ; 0                         ; 0                      ; 0                       ; 0                       ; 0                    ; 1                    ; 0                        ; 0                    ; 1                 ;
; ProxEstado.AtivaLoad      ; 0                        ; 0                     ; 0                       ; 0                    ; 0                         ; 0                     ; 0                         ; 0                      ; 0                       ; 0                       ; 1                    ; 0                    ; 0                        ; 0                    ; 1                 ;
; ProxEstado.DesativaLoad   ; 0                        ; 0                     ; 0                       ; 0                    ; 0                         ; 0                     ; 0                         ; 0                      ; 0                       ; 1                       ; 0                    ; 0                    ; 0                        ; 0                    ; 1                 ;
; ProxEstado.DesativaRden   ; 0                        ; 0                     ; 0                       ; 0                    ; 0                         ; 0                     ; 0                         ; 0                      ; 1                       ; 0                       ; 0                    ; 0                    ; 0                        ; 0                    ; 1                 ;
; ProxEstado.AtivaTransf    ; 0                        ; 0                     ; 0                       ; 0                    ; 0                         ; 0                     ; 0                         ; 1                      ; 0                       ; 0                       ; 0                    ; 0                    ; 0                        ; 0                    ; 1                 ;
; ProxEstado.DesativaTransf ; 0                        ; 0                     ; 0                       ; 0                    ; 0                         ; 0                     ; 1                         ; 0                      ; 0                       ; 0                       ; 0                    ; 0                    ; 0                        ; 0                    ; 1                 ;
; ProxEstado.IncAddress     ; 0                        ; 0                     ; 0                       ; 0                    ; 0                         ; 1                     ; 0                         ; 0                      ; 0                       ; 0                       ; 0                    ; 0                    ; 0                        ; 0                    ; 1                 ;
; ProxEstado.ConfereAddress ; 0                        ; 0                     ; 0                       ; 0                    ; 1                         ; 0                     ; 0                         ; 0                      ; 0                       ; 0                       ; 0                    ; 0                    ; 0                        ; 0                    ; 1                 ;
; ProxEstado.AtivaWren      ; 0                        ; 0                     ; 0                       ; 1                    ; 0                         ; 0                     ; 0                         ; 0                      ; 0                       ; 0                       ; 0                    ; 0                    ; 0                        ; 0                    ; 1                 ;
; ProxEstado.DesativaWren   ; 0                        ; 0                     ; 1                       ; 0                    ; 0                         ; 0                     ; 0                         ; 0                      ; 0                       ; 0                       ; 0                    ; 0                    ; 0                        ; 0                    ; 1                 ;
; ProxEstado.AtivaReady     ; 0                        ; 1                     ; 0                       ; 0                    ; 0                         ; 0                     ; 0                         ; 0                      ; 0                       ; 0                       ; 0                    ; 0                    ; 0                        ; 0                    ; 1                 ;
; ProxEstado.DesativaReady  ; 1                        ; 0                     ; 0                       ; 0                    ; 0                         ; 0                     ; 0                         ; 0                      ; 0                       ; 0                       ; 0                    ; 0                    ; 0                        ; 0                    ; 1                 ;
+---------------------------+--------------------------+-----------------------+-------------------------+----------------------+---------------------------+-----------------------+---------------------------+------------------------+-------------------------+-------------------------+----------------------+----------------------+--------------------------+----------------------+-------------------+


+-------------------------------------------------------------+
; Registers Removed During Synthesis                          ;
+----------------------------------------+--------------------+
; Register name                          ; Reason for Removal ;
+----------------------------------------+--------------------+
; TOP:inst|FSM:fsm|clear                 ; Lost fanout        ;
; TOP:inst|FSM:fsm|transf                ; Lost fanout        ;
; TOP:inst|FSM:fsm|load                  ; Lost fanout        ;
; TOP:inst|FSM:fsm|wren                  ; Lost fanout        ;
; TOP:inst|FSM:fsm|rden                  ; Lost fanout        ;
; TOP:inst|Acumulador:acc|out[0]         ; Lost fanout        ;
; TOP:inst|Acumulador:acc|r_in[0]        ; Lost fanout        ;
; TOP:inst|Acumulador:acc|out[1..15]     ; Lost fanout        ;
; TOP:inst|Acumulador:acc|r_in[1..15]    ; Lost fanout        ;
; TOP:inst|FSM:fsm|EstadoAtual~4         ; Lost fanout        ;
; TOP:inst|FSM:fsm|EstadoAtual~5         ; Lost fanout        ;
; TOP:inst|FSM:fsm|EstadoAtual~6         ; Lost fanout        ;
; TOP:inst|FSM:fsm|EstadoAtual~7         ; Lost fanout        ;
; TOP:inst|FSM:fsm|ProxEstado~2          ; Lost fanout        ;
; TOP:inst|FSM:fsm|ProxEstado~3          ; Lost fanout        ;
; TOP:inst|FSM:fsm|ProxEstado~4          ; Lost fanout        ;
; TOP:inst|FSM:fsm|ProxEstado~5          ; Lost fanout        ;
; Total Number of Removed Registers = 45 ;                    ;
+----------------------------------------+--------------------+


+---------------------------------------------------------------------------------------------------------------------------+
; Removed Registers Triggering Further Register Optimizations                                                               ;
+--------------------------------+--------------------+---------------------------------------------------------------------+
; Register name                  ; Reason for Removal ; Registers Removed due to This Register                              ;
+--------------------------------+--------------------+---------------------------------------------------------------------+
; TOP:inst|Acumulador:acc|out[0] ; Lost Fanouts       ; TOP:inst|Acumulador:acc|r_in[8], TOP:inst|Acumulador:acc|r_in[9],   ;
;                                ;                    ; TOP:inst|Acumulador:acc|r_in[10], TOP:inst|Acumulador:acc|r_in[11], ;
;                                ;                    ; TOP:inst|Acumulador:acc|r_in[12], TOP:inst|Acumulador:acc|r_in[13], ;
;                                ;                    ; TOP:inst|Acumulador:acc|r_in[14], TOP:inst|Acumulador:acc|r_in[15]  ;
+--------------------------------+--------------------+---------------------------------------------------------------------+


+------------------------------------------------------+
; General Register Statistics                          ;
+----------------------------------------------+-------+
; Statistic                                    ; Value ;
+----------------------------------------------+-------+
; Total registers                              ; 36    ;
; Number of registers using Synchronous Clear  ; 0     ;
; Number of registers using Synchronous Load   ; 0     ;
; Number of registers using Asynchronous Clear ; 15    ;
; Number of registers using Asynchronous Load  ; 0     ;
; Number of registers using Clock Enable       ; 0     ;
; Number of registers using Preset             ; 0     ;
+----------------------------------------------+-------+


+-------------------------------------------------------------------------------------------------+
; Source assignments for Mem:inst2|altsyncram:altsyncram_component|altsyncram_8sp3:auto_generated ;
+---------------------------------+--------------------+------+-----------------------------------+
; Assignment                      ; Value              ; From ; To                                ;
+---------------------------------+--------------------+------+-----------------------------------+
; OPTIMIZE_POWER_DURING_SYNTHESIS ; NORMAL_COMPILATION ; -    ; -                                 ;
+---------------------------------+--------------------+------+-----------------------------------+


+---------------------------------------------------------------+
; Parameter Settings for User Entity Instance: TOP:inst|FSM:fsm ;
+----------------+-------+--------------------------------------+
; Parameter Name ; Value ; Type                                 ;
+----------------+-------+--------------------------------------+
; Inicio         ; 0000  ; Unsigned Binary                      ;
; ResetInit      ; 0001  ; Unsigned Binary                      ;
; TiraResetInit  ; 0010  ; Unsigned Binary                      ;
; AtivaRden      ; 0011  ; Unsigned Binary                      ;
; AtivaLoad      ; 0100  ; Unsigned Binary                      ;
; DesativaLoad   ; 0101  ; Unsigned Binary                      ;
; DesativaRden   ; 0110  ; Unsigned Binary                      ;
; AtivaTransf    ; 0111  ; Unsigned Binary                      ;
; DesativaTransf ; 1000  ; Unsigned Binary                      ;
; IncAddress     ; 1001  ; Unsigned Binary                      ;
; ConfereAddress ; 1010  ; Unsigned Binary                      ;
; AtivaWren      ; 1011  ; Unsigned Binary                      ;
; DesativaWren   ; 1100  ; Unsigned Binary                      ;
; AtivaReady     ; 1101  ; Unsigned Binary                      ;
; DesativaReady  ; 1110  ; Unsigned Binary                      ;
+----------------+-------+--------------------------------------+
Note: In order to hide this table in the UI and the text report file, please set the "Show Parameter Settings in Synthesis Report" option in "Analysis and Synthesis Settings -> More Settings" to "Off".


+----------------------------------------------------------------------------------------+
; Parameter Settings for User Entity Instance: Mem:inst2|altsyncram:altsyncram_component ;
+------------------------------------+----------------------+----------------------------+
; Parameter Name                     ; Value                ; Type                       ;
+------------------------------------+----------------------+----------------------------+
; BYTE_SIZE_BLOCK                    ; 8                    ; Untyped                    ;
; AUTO_CARRY_CHAINS                  ; ON                   ; AUTO_CARRY                 ;
; IGNORE_CARRY_BUFFERS               ; OFF                  ; IGNORE_CARRY               ;
; AUTO_CASCADE_CHAINS                ; ON                   ; AUTO_CASCADE               ;
; IGNORE_CASCADE_BUFFERS             ; OFF                  ; IGNORE_CASCADE             ;
; WIDTH_BYTEENA                      ; 1                    ; Untyped                    ;
; OPERATION_MODE                     ; SINGLE_PORT          ; Untyped                    ;
; WIDTH_A                            ; 16                   ; Signed Integer             ;
; WIDTHAD_A                          ; 5                    ; Signed Integer             ;
; NUMWORDS_A                         ; 32                   ; Signed Integer             ;
; OUTDATA_REG_A                      ; CLOCK0               ; Untyped                    ;
; ADDRESS_ACLR_A                     ; NONE                 ; Untyped                    ;
; OUTDATA_ACLR_A                     ; NONE                 ; Untyped                    ;
; WRCONTROL_ACLR_A                   ; NONE                 ; Untyped                    ;
; INDATA_ACLR_A                      ; NONE                 ; Untyped                    ;
; BYTEENA_ACLR_A                     ; NONE                 ; Untyped                    ;
; WIDTH_B                            ; 1                    ; Signed Integer             ;
; WIDTHAD_B                          ; 1                    ; Signed Integer             ;
; NUMWORDS_B                         ; 0                    ; Signed Integer             ;
; INDATA_REG_B                       ; CLOCK1               ; Untyped                    ;
; WRCONTROL_WRADDRESS_REG_B          ; CLOCK1               ; Untyped                    ;
; RDCONTROL_REG_B                    ; CLOCK1               ; Untyped                    ;
; ADDRESS_REG_B                      ; CLOCK1               ; Untyped                    ;
; OUTDATA_REG_B                      ; UNREGISTERED         ; Untyped                    ;
; BYTEENA_REG_B                      ; CLOCK1               ; Untyped                    ;
; INDATA_ACLR_B                      ; NONE                 ; Untyped                    ;
; WRCONTROL_ACLR_B                   ; NONE                 ; Untyped                    ;
; ADDRESS_ACLR_B                     ; NONE                 ; Untyped                    ;
; OUTDATA_ACLR_B                     ; NONE                 ; Untyped                    ;
; RDCONTROL_ACLR_B                   ; NONE                 ; Untyped                    ;
; BYTEENA_ACLR_B                     ; NONE                 ; Untyped                    ;
; WIDTH_BYTEENA_A                    ; 1                    ; Signed Integer             ;
; WIDTH_BYTEENA_B                    ; 1                    ; Signed Integer             ;
; RAM_BLOCK_TYPE                     ; AUTO                 ; Untyped                    ;
; BYTE_SIZE                          ; 8                    ; Signed Integer             ;
; READ_DURING_WRITE_MODE_MIXED_PORTS ; DONT_CARE            ; Untyped                    ;
; READ_DURING_WRITE_MODE_PORT_A      ; NEW_DATA_NO_NBE_READ ; Untyped                    ;
; READ_DURING_WRITE_MODE_PORT_B      ; NEW_DATA_NO_NBE_READ ; Untyped                    ;
; INIT_FILE                          ; UNUSED               ; Untyped                    ;
; INIT_FILE_LAYOUT                   ; PORT_A               ; Untyped                    ;
; MAXIMUM_DEPTH                      ; 0                    ; Signed Integer             ;
; CLOCK_ENABLE_INPUT_A               ; BYPASS               ; Untyped                    ;
; CLOCK_ENABLE_INPUT_B               ; NORMAL               ; Untyped                    ;
; CLOCK_ENABLE_OUTPUT_A              ; BYPASS               ; Untyped                    ;
; CLOCK_ENABLE_OUTPUT_B              ; NORMAL               ; Untyped                    ;
; CLOCK_ENABLE_CORE_A                ; USE_INPUT_CLKEN      ; Untyped                    ;
; CLOCK_ENABLE_CORE_B                ; USE_INPUT_CLKEN      ; Untyped                    ;
; ENABLE_ECC                         ; FALSE                ; Untyped                    ;
; ECC_PIPELINE_STAGE_ENABLED         ; FALSE                ; Untyped                    ;
; WIDTH_ECCSTATUS                    ; 3                    ; Signed Integer             ;
; DEVICE_FAMILY                      ; Cyclone IV E         ; Untyped                    ;
; CBXI_PARAMETER                     ; altsyncram_8sp3      ; Untyped                    ;
+------------------------------------+----------------------+----------------------------+
Note: In order to hide this table in the UI and the text report file, please set the "Show Parameter Settings in Synthesis Report" option in "Analysis and Synthesis Settings -> More Settings" to "Off".


+---------------------------------------------------------------------------------------+
; altsyncram Parameter Settings by Entity Instance                                      ;
+-------------------------------------------+-------------------------------------------+
; Name                                      ; Value                                     ;
+-------------------------------------------+-------------------------------------------+
; Number of entity instances                ; 1                                         ;
; Entity Instance                           ; Mem:inst2|altsyncram:altsyncram_component ;
;     -- OPERATION_MODE                     ; SINGLE_PORT                               ;
;     -- WIDTH_A                            ; 16                                        ;
;     -- NUMWORDS_A                         ; 32                                        ;
;     -- OUTDATA_REG_A                      ; CLOCK0                                    ;
;     -- WIDTH_B                            ; 1                                         ;
;     -- NUMWORDS_B                         ; 0                                         ;
;     -- ADDRESS_REG_B                      ; CLOCK1                                    ;
;     -- OUTDATA_REG_B                      ; UNREGISTERED                              ;
;     -- RAM_BLOCK_TYPE                     ; AUTO                                      ;
;     -- READ_DURING_WRITE_MODE_MIXED_PORTS ; DONT_CARE                                 ;
+-------------------------------------------+-------------------------------------------+


+-----------------------------------------------------+
; Post-Synthesis Netlist Statistics for Top Partition ;
+-----------------------+-----------------------------+
; Type                  ; Count                       ;
+-----------------------+-----------------------------+
; boundary_port         ; 3                           ;
; cycloneiii_ff         ; 36                          ;
;     CLR               ; 15                          ;
;     plain             ; 21                          ;
; cycloneiii_lcell_comb ; 19                          ;
;     arith             ; 4                           ;
;         2 data inputs ; 4                           ;
;     normal            ; 15                          ;
;         1 data inputs ; 1                           ;
;         2 data inputs ; 2                           ;
;         3 data inputs ; 2                           ;
;         4 data inputs ; 10                          ;
;                       ;                             ;
; Max LUT depth         ; 2.40                        ;
; Average LUT depth     ; 1.16                        ;
+-----------------------+-----------------------------+


+-------------------------------+
; Elapsed Time Per Partition    ;
+----------------+--------------+
; Partition Name ; Elapsed Time ;
+----------------+--------------+
; Top            ; 00:00:00     ;
+----------------+--------------+


+-------------------------------+
; Analysis & Synthesis Messages ;
+-------------------------------+
Info: *******************************************************************
Info: Running Quartus Prime Analysis & Synthesis
    Info: Version 20.1.1 Build 720 11/11/2020 SJ Lite Edition
    Info: Processing started: Tue Nov 30 21:13:06 2021
Info: Command: quartus_map --read_settings_files=on --write_settings_files=off Somador -c Somador
Warning (18236): Number of processors has not been specified which may cause overloading on shared machines.  Set the global assignment NUM_PARALLEL_PROCESSORS in your QSF to an appropriate value for best performance.
Info (20030): Parallel compilation is enabled and will use 12 of the 12 processors detected
Info (12021): Found 1 design units, including 1 entities, in source file acumulador.v
    Info (12023): Found entity 1: Acumulador File: E:/ENGG56/Somador/Acumulador.v Line: 1
Info (12021): Found 1 design units, including 1 entities, in source file fsm.v
    Info (12023): Found entity 1: FSM File: E:/ENGG56/Somador/FSM.v Line: 1
Info (12021): Found 1 design units, including 1 entities, in source file top.v
    Info (12023): Found entity 1: TOP File: E:/ENGG56/Somador/TOP.v Line: 1
Info (12021): Found 1 design units, including 1 entities, in source file somadordiagrama.bdf
    Info (12023): Found entity 1: SomadorDiagrama
Info (12021): Found 2 design units, including 1 entities, in source file mem.vhd
    Info (12022): Found design unit 1: mem-SYN File: E:/ENGG56/Somador/Mem.vhd Line: 56
    Info (12023): Found entity 1: Mem File: E:/ENGG56/Somador/Mem.vhd Line: 43
Info (12127): Elaborating entity "SomadorDiagrama" for the top level hierarchy
Info (12128): Elaborating entity "TOP" for hierarchy "TOP:inst"
Info (12128): Elaborating entity "Acumulador" for hierarchy "TOP:inst|Acumulador:acc" File: E:/ENGG56/Somador/TOP.v Line: 9
Info (12128): Elaborating entity "FSM" for hierarchy "TOP:inst|FSM:fsm" File: E:/ENGG56/Somador/TOP.v Line: 10
Warning (10230): Verilog HDL assignment warning at FSM.v(80): truncated value with size 32 to match size of target (5) File: E:/ENGG56/Somador/FSM.v Line: 80
Info (12128): Elaborating entity "Mem" for hierarchy "Mem:inst2"
Info (12128): Elaborating entity "altsyncram" for hierarchy "Mem:inst2|altsyncram:altsyncram_component" File: E:/ENGG56/Somador/Mem.vhd Line: 63
Info (12130): Elaborated megafunction instantiation "Mem:inst2|altsyncram:altsyncram_component" File: E:/ENGG56/Somador/Mem.vhd Line: 63
Info (12133): Instantiated megafunction "Mem:inst2|altsyncram:altsyncram_component" with the following parameter: File: E:/ENGG56/Somador/Mem.vhd Line: 63
    Info (12134): Parameter "address_aclr_a" = "UNUSED"
    Info (12134): Parameter "address_aclr_b" = "NONE"
    Info (12134): Parameter "address_reg_b" = "CLOCK1"
    Info (12134): Parameter "byte_size" = "8"
    Info (12134): Parameter "byteena_aclr_a" = "UNUSED"
    Info (12134): Parameter "byteena_aclr_b" = "NONE"
    Info (12134): Parameter "byteena_reg_b" = "CLOCK1"
    Info (12134): Parameter "clock_enable_core_a" = "USE_INPUT_CLKEN"
    Info (12134): Parameter "clock_enable_core_b" = "USE_INPUT_CLKEN"
    Info (12134): Parameter "clock_enable_input_a" = "BYPASS"
    Info (12134): Parameter "clock_enable_input_b" = "NORMAL"
    Info (12134): Parameter "clock_enable_output_a" = "BYPASS"
    Info (12134): Parameter "clock_enable_output_b" = "NORMAL"
    Info (12134): Parameter "intended_device_family" = "Cyclone IV E"
    Info (12134): Parameter "ecc_pipeline_stage_enabled" = "FALSE"
    Info (12134): Parameter "enable_ecc" = "FALSE"
    Info (12134): Parameter "implement_in_les" = "OFF"
    Info (12134): Parameter "indata_aclr_a" = "UNUSED"
    Info (12134): Parameter "indata_aclr_b" = "NONE"
    Info (12134): Parameter "indata_reg_b" = "CLOCK1"
    Info (12134): Parameter "init_file" = "UNUSED"
    Info (12134): Parameter "init_file_layout" = "PORT_A"
    Info (12134): Parameter "maximum_depth" = "0"
    Info (12134): Parameter "numwords_a" = "32"
    Info (12134): Parameter "numwords_b" = "0"
    Info (12134): Parameter "operation_mode" = "SINGLE_PORT"
    Info (12134): Parameter "outdata_aclr_a" = "NONE"
    Info (12134): Parameter "outdata_aclr_b" = "NONE"
    Info (12134): Parameter "outdata_reg_a" = "CLOCK0"
    Info (12134): Parameter "outdata_reg_b" = "UNREGISTERED"
    Info (12134): Parameter "power_up_uninitialized" = "FALSE"
    Info (12134): Parameter "ram_block_type" = "AUTO"
    Info (12134): Parameter "rdcontrol_aclr_b" = "NONE"
    Info (12134): Parameter "rdcontrol_reg_b" = "CLOCK1"
    Info (12134): Parameter "read_during_write_mode_mixed_ports" = "DONT_CARE"
    Info (12134): Parameter "read_during_write_mode_port_a" = "NEW_DATA_NO_NBE_READ"
    Info (12134): Parameter "read_during_write_mode_port_b" = "NEW_DATA_NO_NBE_READ"
    Info (12134): Parameter "stratixiv_m144k_allow_dual_clocks" = "ON"
    Info (12134): Parameter "width_a" = "16"
    Info (12134): Parameter "width_b" = "1"
    Info (12134): Parameter "width_byteena_a" = "1"
    Info (12134): Parameter "width_byteena_b" = "1"
    Info (12134): Parameter "width_eccstatus" = "3"
    Info (12134): Parameter "widthad_a" = "5"
    Info (12134): Parameter "widthad_b" = "1"
    Info (12134): Parameter "wrcontrol_aclr_a" = "UNUSED"
    Info (12134): Parameter "wrcontrol_aclr_b" = "NONE"
    Info (12134): Parameter "wrcontrol_wraddress_reg_b" = "CLOCK1"
    Info (12134): Parameter "lpm_hint" = "ENABLE_RUNTIME_MOD=NO"
    Info (12134): Parameter "lpm_type" = "altsyncram"
Info (12021): Found 1 design units, including 1 entities, in source file db/altsyncram_8sp3.tdf
    Info (12023): Found entity 1: altsyncram_8sp3 File: E:/ENGG56/Somador/db/altsyncram_8sp3.tdf Line: 28
Info (12128): Elaborating entity "altsyncram_8sp3" for hierarchy "Mem:inst2|altsyncram:altsyncram_component|altsyncram_8sp3:auto_generated" File: d:/programas/intelfpga/quartus/libraries/megafunctions/altsyncram.tdf Line: 792
Warning (14284): Synthesized away the following node(s):
    Warning (14285): Synthesized away the following RAM node(s):
        Warning (14320): Synthesized away node "Mem:inst2|altsyncram:altsyncram_component|altsyncram_8sp3:auto_generated|q_a[0]" File: E:/ENGG56/Somador/db/altsyncram_8sp3.tdf Line: 38
        Warning (14320): Synthesized away node "Mem:inst2|altsyncram:altsyncram_component|altsyncram_8sp3:auto_generated|q_a[1]" File: E:/ENGG56/Somador/db/altsyncram_8sp3.tdf Line: 61
        Warning (14320): Synthesized away node "Mem:inst2|altsyncram:altsyncram_component|altsyncram_8sp3:auto_generated|q_a[2]" File: E:/ENGG56/Somador/db/altsyncram_8sp3.tdf Line: 84
        Warning (14320): Synthesized away node "Mem:inst2|altsyncram:altsyncram_component|altsyncram_8sp3:auto_generated|q_a[3]" File: E:/ENGG56/Somador/db/altsyncram_8sp3.tdf Line: 107
        Warning (14320): Synthesized away node "Mem:inst2|altsyncram:altsyncram_component|altsyncram_8sp3:auto_generated|q_a[4]" File: E:/ENGG56/Somador/db/altsyncram_8sp3.tdf Line: 130
        Warning (14320): Synthesized away node "Mem:inst2|altsyncram:altsyncram_component|altsyncram_8sp3:auto_generated|q_a[5]" File: E:/ENGG56/Somador/db/altsyncram_8sp3.tdf Line: 153
        Warning (14320): Synthesized away node "Mem:inst2|altsyncram:altsyncram_component|altsyncram_8sp3:auto_generated|q_a[6]" File: E:/ENGG56/Somador/db/altsyncram_8sp3.tdf Line: 176
        Warning (14320): Synthesized away node "Mem:inst2|altsyncram:altsyncram_component|altsyncram_8sp3:auto_generated|q_a[7]" File: E:/ENGG56/Somador/db/altsyncram_8sp3.tdf Line: 199
        Warning (14320): Synthesized away node "Mem:inst2|altsyncram:altsyncram_component|altsyncram_8sp3:auto_generated|q_a[8]" File: E:/ENGG56/Somador/db/altsyncram_8sp3.tdf Line: 222
        Warning (14320): Synthesized away node "Mem:inst2|altsyncram:altsyncram_component|altsyncram_8sp3:auto_generated|q_a[9]" File: E:/ENGG56/Somador/db/altsyncram_8sp3.tdf Line: 245
        Warning (14320): Synthesized away node "Mem:inst2|altsyncram:altsyncram_component|altsyncram_8sp3:auto_generated|q_a[10]" File: E:/ENGG56/Somador/db/altsyncram_8sp3.tdf Line: 268
        Warning (14320): Synthesized away node "Mem:inst2|altsyncram:altsyncram_component|altsyncram_8sp3:auto_generated|q_a[11]" File: E:/ENGG56/Somador/db/altsyncram_8sp3.tdf Line: 291
        Warning (14320): Synthesized away node "Mem:inst2|altsyncram:altsyncram_component|altsyncram_8sp3:auto_generated|q_a[12]" File: E:/ENGG56/Somador/db/altsyncram_8sp3.tdf Line: 314
        Warning (14320): Synthesized away node "Mem:inst2|altsyncram:altsyncram_component|altsyncram_8sp3:auto_generated|q_a[13]" File: E:/ENGG56/Somador/db/altsyncram_8sp3.tdf Line: 337
        Warning (14320): Synthesized away node "Mem:inst2|altsyncram:altsyncram_component|altsyncram_8sp3:auto_generated|q_a[14]" File: E:/ENGG56/Somador/db/altsyncram_8sp3.tdf Line: 360
        Warning (14320): Synthesized away node "Mem:inst2|altsyncram:altsyncram_component|altsyncram_8sp3:auto_generated|q_a[15]" File: E:/ENGG56/Somador/db/altsyncram_8sp3.tdf Line: 383
Info (286030): Timing-Driven Synthesis is running
Info (17049): 45 registers lost all their fanouts during netlist optimizations.
Info (16010): Generating hard_block partition "hard_block:auto_generated_inst"
    Info (16011): Adding 0 node(s), including 0 DDIO, 0 PLL, 0 transceiver and 0 LCELL
Info (21057): Implemented 47 device resources after synthesis - the final resource count might be different
    Info (21058): Implemented 2 input pins
    Info (21059): Implemented 1 output pins
    Info (21061): Implemented 44 logic cells
Info: Quartus Prime Analysis & Synthesis was successful. 0 errors, 20 warnings
    Info: Peak virtual memory: 4846 megabytes
    Info: Processing ended: Tue Nov 30 21:13:15 2021
    Info: Elapsed time: 00:00:09
    Info: Total CPU time (on all processors): 00:00:16


